<?xml version="1.0" encoding="UTF-8"?>
<testsuite name="Part2Test" tests="1" skipped="0" failures="0" errors="0" timestamp="2021-12-02T17:14:40" hostname="xDesigns-MacBook-Pro.local" time="0.034">
  <properties/>
  <testcase name="calc()" classname="Part2Test" time="0.034"/>
  <system-out><![CDATA[15
60
900
]]></system-out>
  <system-err><![CDATA[]]></system-err>
</testsuite>
