<?xml version="1.0" encoding="UTF-8"?>
<testsuite name="Part1Test" tests="1" skipped="0" failures="0" errors="0" timestamp="2021-12-02T17:04:11" hostname="xDesigns-MacBook-Pro.local" time="0.036">
  <properties/>
  <testcase name="calc()" classname="Part1Test" time="0.036"/>
  <system-out><![CDATA[15
10
150
]]></system-out>
  <system-err><![CDATA[]]></system-err>
</testsuite>
